<?xml version="1.0" encoding="UTF-8"?>
<testsuite name="com.tgt.holidaydeal.HolidaydealsapiTest" tests="1" skipped="0" failures="0" errors="0" timestamp="2020-12-30T07:13:07" hostname="C02CQ53MMD6R" time="0.114">
  <properties/>
  <testcase name="testItWorks()" classname="com.tgt.holidaydeal.HolidaydealsapiTest" time="0.114"/>
  <system-out><![CDATA[?[36m12:43:05.003?[0;39m ?[1;30m[Test worker]?[0;39m ?[34mINFO ?[0;39m ?[35mi.m.context.env.DefaultEnvironment?[0;39m - Established active environments: [test]
?[36m12:43:05.673?[0;39m ?[1;30m[Test worker]?[0;39m ?[34mINFO ?[0;39m ?[35mcom.zaxxer.hikari.HikariDataSource?[0;39m - HikariPool-1 - Starting...
?[36m12:43:05.847?[0;39m ?[1;30m[Test worker]?[0;39m ?[34mINFO ?[0;39m ?[35mcom.zaxxer.hikari.HikariDataSource?[0;39m - HikariPool-1 - Start completed.
?[36m12:43:05.874?[0;39m ?[1;30m[Test worker]?[0;39m ?[34mINFO ?[0;39m ?[35morg.hibernate.Version?[0;39m - HHH000412: Hibernate ORM core version 5.4.24.Final
?[36m12:43:06.020?[0;39m ?[1;30m[Test worker]?[0;39m ?[34mINFO ?[0;39m ?[35mo.h.annotations.common.Version?[0;39m - HCANN000001: Hibernate Commons Annotations {5.1.2.Final}
?[36m12:43:06.143?[0;39m ?[1;30m[Test worker]?[0;39m ?[34mINFO ?[0;39m ?[35morg.hibernate.dialect.Dialect?[0;39m - HHH000400: Using dialect: org.hibernate.dialect.H2Dialect
Hibernate: create table deals_vo (id bigint not null, name varchar(255), primary key (id))
Hibernate: create table item (deal_id bigint not null, item_id bigint, price float, retailer varchar(255), url_of_deal varchar(255), primary key (deal_id))
Hibernate: create sequence hibernate_sequence start with 1 increment by 1
?[36m12:43:07.241?[0;39m ?[1;30m[Test worker]?[0;39m ?[34mINFO ?[0;39m ?[35mcom.zaxxer.hikari.HikariDataSource?[0;39m - HikariPool-1 - Shutdown initiated...
?[36m12:43:07.249?[0;39m ?[1;30m[Test worker]?[0;39m ?[34mINFO ?[0;39m ?[35mcom.zaxxer.hikari.HikariDataSource?[0;39m - HikariPool-1 - Shutdown completed.
]]></system-out>
  <system-err><![CDATA[]]></system-err>
</testsuite>
